<?xml version="1.0" encoding="UTF-8"?>
<!-- Generated by org.testng.reporters.JUnitReportReporter -->
<testsuite hostname="Syeds-MacBook-Air.local" failures="0" tests="1" name="com.ecom.atcobe.appiumscripts.ApiDemosDragAndDrop" time="20.000" errors="0" timestamp="2022-07-07T14:25:31 IST" skipped="0">
  <testcase classname="com.ecom.atcobe.appiumscripts.ApiDemosDragAndDrop" name="apiDemosDragAndDrop" time="20.000"/>
  <system-out/>
</testsuite> <!-- com.ecom.atcobe.appiumscripts.ApiDemosDragAndDrop -->
