<?xml version="1.0" encoding="UTF-8"?>
<!-- Generated by org.testng.reporters.JUnitReportReporter -->
<testsuite hostname="Syeds-MacBook-Air.local" failures="0" tests="1" name="com.ecom.atcobe.appiumscripts.ApiDemosScreenOrientation" time="8.654" errors="0" timestamp="2022-07-07T16:02:09 IST" skipped="0">
  <testcase classname="com.ecom.atcobe.appiumscripts.ApiDemosScreenOrientation" name="apiDemosScreenOrientation" time="8.654"/>
  <system-out/>
</testsuite> <!-- com.ecom.atcobe.appiumscripts.ApiDemosScreenOrientation -->
