<?xml version="1.0" encoding="UTF-8"?>
<!-- Generated by org.testng.reporters.JUnitReportReporter -->
<testsuite hostname="Syeds-MacBook-Air.local" failures="0" tests="1" name="com.ecom.atcobe.appiumscripts.MobileNetworkChange" time="6.123" errors="0" timestamp="2022-07-07T16:11:15 IST" skipped="0">
  <testcase classname="com.ecom.atcobe.appiumscripts.MobileNetworkChange" name="mobileNetworkChange" time="6.123"/>
  <system-out/>
</testsuite> <!-- com.ecom.atcobe.appiumscripts.MobileNetworkChange -->
