<?xml version="1.0" encoding="UTF-8"?>
<!-- Generated by org.testng.reporters.JUnitReportReporter -->
<testsuite hostname="Syeds-MacBook-Air.local" failures="0" tests="1" name="com.ecom.atcobe.appiumscripts.TouchScreenTestPattern" time="17.309" errors="0" timestamp="2022-07-08T12:07:11 IST" skipped="0">
  <testcase classname="com.ecom.atcobe.appiumscripts.TouchScreenTestPattern" name="touchScreenTestPattern" time="17.309"/>
  <system-out/>
</testsuite> <!-- com.ecom.atcobe.appiumscripts.TouchScreenTestPattern -->
