<?xml version="1.0" encoding="UTF-8"?>
<!-- Generated by org.testng.reporters.JUnitReportReporter -->
<testsuite hostname="Syeds-MacBook-Air.local" failures="0" tests="1" name="com.ecom.atcobe.appiumscripts.TouchScreenTestDivideScreen" time="12.403" errors="0" timestamp="2022-07-08T10:47:07 IST" skipped="0">
  <testcase classname="com.ecom.atcobe.appiumscripts.TouchScreenTestDivideScreen" name="divideScreenInTouchScreenTest" time="12.403"/>
  <system-out/>
</testsuite> <!-- com.ecom.atcobe.appiumscripts.TouchScreenTestDivideScreen -->
