<?xml version="1.0" encoding="UTF-8"?>
<!-- Generated by org.testng.reporters.JUnitReportReporter -->
<testsuite hostname="Syeds-MacBook-Air.local" failures="0" tests="1" name="com.ecom.atcobe.appiumscripts.AppInBackground" time="16.545" errors="0" timestamp="2022-07-07T16:17:45 IST" skipped="0">
  <testcase classname="com.ecom.atcobe.appiumscripts.AppInBackground" name="appInBackground" time="16.545"/>
  <system-out/>
</testsuite> <!-- com.ecom.atcobe.appiumscripts.AppInBackground -->
