<?xml version="1.0" encoding="UTF-8"?>
<!-- Generated by org.testng.reporters.JUnitReportReporter -->
<testsuite hostname="Syeds-MacBook-Air.local" failures="0" tests="1" name="com.ecom.atcobe.appiumscripts.DivideScreenInTouchScreenTest" time="5.683" errors="0" timestamp="2022-07-08T09:45:12 IST" skipped="0">
  <testcase classname="com.ecom.atcobe.appiumscripts.DivideScreenInTouchScreenTest" name="divideScreenInTouchScreenTest" time="5.683"/>
  <system-out/>
</testsuite> <!-- com.ecom.atcobe.appiumscripts.DivideScreenInTouchScreenTest -->
