<?xml version="1.0" encoding="UTF-8"?>
<!-- Generated by org.testng.reporters.JUnitReportReporter -->
<testsuite hostname="Syeds-MacBook-Air.local" failures="0" tests="1" name="com.ecom.atcobe.appiumscripts.ScaleViewZoomAndPinch" time="15.642" errors="0" timestamp="2022-07-08T11:43:54 IST" skipped="0">
  <testcase classname="com.ecom.atcobe.appiumscripts.ScaleViewZoomAndPinch" name="scaleViewZoomAndPinch" time="15.642"/>
  <system-out/>
</testsuite> <!-- com.ecom.atcobe.appiumscripts.ScaleViewZoomAndPinch -->
