<?xml version="1.0" encoding="UTF-8"?>
<!-- Generated by org.testng.reporters.JUnitReportReporter -->
<testsuite hostname="Syeds-MacBook-Air.local" failures="0" tests="1" name="com.ecom.atcobe.appiumscripts.ApiDemosNotification" time="22.827" errors="0" timestamp="2022-07-08T12:37:23 IST" skipped="0">
  <testcase classname="com.ecom.atcobe.appiumscripts.ApiDemosNotification" name="apiDemosScreenOrientation" time="22.827"/>
  <system-out/>
</testsuite> <!-- com.ecom.atcobe.appiumscripts.ApiDemosNotification -->
