<?xml version="1.0" encoding="UTF-8"?>
<!-- Generated by org.testng.reporters.JUnitReportReporter -->
<testsuite hostname="Syeds-MacBook-Air.local" failures="0" tests="1" name="com.qcom.instamart.PlaceOrderForCookingOil" time="29.412" errors="0" timestamp="2022-07-13T14:59:23 IST" skipped="0">
  <testcase classname="com.qcom.instamart.PlaceOrderForCookingOil" name="placeOrderForCookingOil" time="29.412"/>
  <system-out/>
</testsuite> <!-- com.qcom.instamart.PlaceOrderForCookingOil -->
