<?xml version="1.0" encoding="UTF-8"?>
<!-- Generated by org.testng.reporters.JUnitReportReporter -->
<testsuite hostname="Syeds-MacBook-Air.local" failures="0" tests="1" name="com.ecom.atcobe.appiumscripts.SwitchBetweenApps" time="16.667" errors="0" timestamp="2022-07-07T16:25:16 IST" skipped="0">
  <testcase classname="com.ecom.atcobe.appiumscripts.SwitchBetweenApps" name="switchBetweenApps" time="16.667"/>
  <system-out/>
</testsuite> <!-- com.ecom.atcobe.appiumscripts.SwitchBetweenApps -->
