<?xml version="1.0" encoding="UTF-8"?>
<!-- Generated by org.testng.reporters.JUnitReportReporter -->
<testsuite hostname="Syeds-MacBook-Air.local" failures="0" tests="1" name="com.ecom.atcobe.appiumscripts.GeneralStoresVerifyProductPrice" time="17.192" errors="0" timestamp="2022-07-07T15:07:42 IST" skipped="0">
  <testcase classname="com.ecom.atcobe.appiumscripts.GeneralStoresVerifyProductPrice" name="generalStoresVerifyProductPrice" time="17.192"/>
  <system-out/>
</testsuite> <!-- com.ecom.atcobe.appiumscripts.GeneralStoresVerifyProductPrice -->
