<?xml version="1.0" encoding="UTF-8"?>
<!-- Generated by org.testng.reporters.JUnitReportReporter -->
<testsuite hostname="Syeds-MacBook-Air.local" failures="0" tests="1" name="com.ecom.atcobe.appiumscripts.GeneralStoresToastMessage" time="14.083" errors="0" timestamp="2022-07-08T12:55:38 IST" skipped="0">
  <testcase classname="com.ecom.atcobe.appiumscripts.GeneralStoresToastMessage" name="generalStoresToastMessage" time="14.083"/>
  <system-out/>
</testsuite> <!-- com.ecom.atcobe.appiumscripts.GeneralStoresToastMessage -->
