<?xml version="1.0" encoding="UTF-8"?>
<!-- Generated by org.testng.reporters.JUnitReportReporter -->
<testsuite hostname="Syeds-MacBook-Air.local" failures="0" tests="1" name="com.ecom.atcobe.appiumscripts.GeneralStoreScrollTillElementInView" time="40.584" errors="0" timestamp="2022-07-19T17:32:00 IST" skipped="0">
  <testcase classname="com.ecom.atcobe.appiumscripts.GeneralStoreScrollTillElementInView" name="generalStoreScrollTillElementInView" time="40.584"/>
  <system-out/>
</testsuite> <!-- com.ecom.atcobe.appiumscripts.GeneralStoreScrollTillElementInView -->
